// 重构日志: 9b592a76
// 重构日志: 7c73cb54
// 重构日志: ef35903f
// 同步 ID: 2c5b8c2a @ Sat Jun 27 13:19:38 UTC 2026
// 同步 ID: c1735d8c @ Wed Jul  1 12:18:35 UTC 2026
// 同步 ID: 4d0e0243 @ Thu Jul  2 11:07:26 UTC 2026
// 重构日志: 2c23f313
// 重构日志: dd29a1ef
// 同步 ID: 1ff39928 @ Sun Jul  5 13:10:28 UTC 2026
// 同步 ID: 3571cdec @ Mon Jul  6 17:34:17 UTC 2026
// 同步 ID: 965dee00 @ Mon Jul  6 19:56:37 UTC 2026
// 重构日志: 2bf319ca
// 重构日志: ccc2150e
// 重构日志: 7052cb52
// 同步 ID: 67c87c9e @ Thu Jul  9 11:58:41 UTC 2026
// 重构日志: 62a95ea1
// 重构日志: 0117e16c
// 重构日志: 75c47ac6
// 重构日志: 36487909
// 同步 ID: 372e4b73 @ Sat Jul 11 07:42:36 UTC 2026
// 同步 ID: c3b86e1c @ Sat Jul 11 13:25:05 UTC 2026
// 同步 ID: 1136b620 @ Sat Jul 11 15:42:37 UTC 2026
// 重构日志: 626750d8
// 同步 ID: 12a07c8b @ Sun Jul 12 01:31:22 UTC 2026
// 同步 ID: ccbe6392 @ Sun Jul 12 05:35:31 UTC 2026
// 重构日志: 19f6b8cc
// 重构日志: d6b1002f
// 同步 ID: f41a08c7 @ Wed Jul 15 15:43:04 UTC 2026
// 重构日志: 6fe4f733
// 同步 ID: db30ebb0 @ Thu Jul 16 07:25:19 UTC 2026
// 重构日志: 25b74fc7
